app/build/intermediates/manifest_merge_blame_file/debug/manifest-merger-blame-debug-report.txt
1<?xml version="1.0" encoding="utf-8"?>
2<manifest xmlns:android="http://schemas.android.com/apk/res/android"
3    package="com.edgedetection"
4    android:versionCode="1"
5    android:versionName="1.0" >
6
7    <uses-sdk
8        android:minSdkVersion="24"
8-->src\main\AndroidManifest.xml
9        android:targetSdkVersion="34" />
9-->src\main\AndroidManifest.xml
10
11    <uses-permission android:name="android.permission.CAMERA" />
11-->src\main\AndroidManifest.xml:4:5-65
11-->src\main\AndroidManifest.xml:4:22-62
12    <uses-permission android:name="android.permission.INTERNET" />
12-->src\main\AndroidManifest.xml:5:5-67
12-->src\main\AndroidManifest.xml:5:22-64
13
14    <uses-feature
14-->src\main\AndroidManifest.xml:7:5-84
15        android:name="android.hardware.camera"
15-->src\main\AndroidManifest.xml:7:19-57
16        android:required="true" />
16-->src\main\AndroidManifest.xml:7:58-81
17
18    <permission
18-->[androidx.core:core:1.12.0] AndroidManifest.xml:22:5-24:47
19        android:name="com.edgedetection.DYNAMIC_RECEIVER_NOT_EXPORTED_PERMISSION"
19-->[androidx.core:core:1.12.0] AndroidManifest.xml:23:9-81
20        android:protectionLevel="signature" />
20-->[androidx.core:core:1.12.0] AndroidManifest.xml:24:9-44
21
22    <uses-permission android:name="com.edgedetection.DYNAMIC_RECEIVER_NOT_EXPORTED_PERMISSION" />
22-->[androidx.core:core:1.12.0] AndroidManifest.xml:26:5-97
22-->[androidx.core:core:1.12.0] AndroidManifest.xml:26:22-94
23
24    <application
24-->src\main\AndroidManifest.xml:9:5-25:19
25        android:allowBackup="true"
25-->src\main\AndroidManifest.xml:10:9-35
26        android:appComponentFactory="androidx.core.app.CoreComponentFactory"
26-->[androidx.core:core:1.12.0] AndroidManifest.xml:28:18-86
27        android:debuggable="true"
28        android:extractNativeLibs="false"
29        android:icon="@mipmap/ic_launcher"
29-->src\main\AndroidManifest.xml:11:9-43
30        android:label="@string/app_name"
30-->src\main\AndroidManifest.xml:12:9-41
31        android:supportsRtl="true"
31-->src\main\AndroidManifest.xml:13:9-35
32        android:theme="@style/AppTheme" >
32-->src\main\AndroidManifest.xml:14:9-40
33        <activity
33-->src\main\AndroidManifest.xml:16:9-23:20
34            android:name="com.edgedetection.MainActivity"
34-->src\main\AndroidManifest.xml:17:13-41
35            android:exported="true" >
35-->src\main\AndroidManifest.xml:18:13-36
36            <intent-filter>
36-->src\main\AndroidManifest.xml:19:13-22:29
37                <action android:name="android.intent.action.MAIN" />
37-->src\main\AndroidManifest.xml:20:17-69
37-->src\main\AndroidManifest.xml:20:25-66
38
39                <category android:name="android.intent.category.LAUNCHER" />
39-->src\main\AndroidManifest.xml:21:17-77
39-->src\main\AndroidManifest.xml:21:27-74
40            </intent-filter>
41        </activity>
42
43        <service
43-->[androidx.camera:camera-camera2:1.3.0] AndroidManifest.xml:24:9-33:19
44            android:name="androidx.camera.core.impl.MetadataHolderService"
44-->[androidx.camera:camera-camera2:1.3.0] AndroidManifest.xml:25:13-75
45            android:enabled="false"
45-->[androidx.camera:camera-camera2:1.3.0] AndroidManifest.xml:26:13-36
46            android:exported="false" >
46-->[androidx.camera:camera-camera2:1.3.0] AndroidManifest.xml:27:13-37
47            <meta-data
47-->[androidx.camera:camera-camera2:1.3.0] AndroidManifest.xml:30:13-32:89
48                android:name="androidx.camera.core.impl.MetadataHolderService.DEFAULT_CONFIG_PROVIDER"
48-->[androidx.camera:camera-camera2:1.3.0] AndroidManifest.xml:31:17-103
49                android:value="androidx.camera.camera2.Camera2Config$DefaultProvider" />
49-->[androidx.camera:camera-camera2:1.3.0] AndroidManifest.xml:32:17-86
50        </service>
51
52        <provider
52-->[androidx.emoji2:emoji2:1.2.0] AndroidManifest.xml:24:9-32:20
53            android:name="androidx.startup.InitializationProvider"
53-->[androidx.emoji2:emoji2:1.2.0] AndroidManifest.xml:25:13-67
54            android:authorities="com.edgedetection.androidx-startup"
54-->[androidx.emoji2:emoji2:1.2.0] AndroidManifest.xml:26:13-68
55            android:exported="false" >
55-->[androidx.emoji2:emoji2:1.2.0] AndroidManifest.xml:27:13-37
56            <meta-data
56-->[androidx.emoji2:emoji2:1.2.0] AndroidManifest.xml:29:13-31:52
57                android:name="androidx.emoji2.text.EmojiCompatInitializer"
57-->[androidx.emoji2:emoji2:1.2.0] AndroidManifest.xml:30:17-75
58                android:value="androidx.startup" />
58-->[androidx.emoji2:emoji2:1.2.0] AndroidManifest.xml:31:17-49
59            <meta-data
59-->[androidx.lifecycle:lifecycle-process:2.6.1] AndroidManifest.xml:29:13-31:52
60                android:name="androidx.lifecycle.ProcessLifecycleInitializer"
60-->[androidx.lifecycle:lifecycle-process:2.6.1] AndroidManifest.xml:30:17-78
61                android:value="androidx.startup" />
61-->[androidx.lifecycle:lifecycle-process:2.6.1] AndroidManifest.xml:31:17-49
62            <meta-data
62-->[androidx.profileinstaller:profileinstaller:1.3.0] AndroidManifest.xml:29:13-31:52
63                android:name="androidx.profileinstaller.ProfileInstallerInitializer"
63-->[androidx.profileinstaller:profileinstaller:1.3.0] AndroidManifest.xml:30:17-85
64                android:value="androidx.startup" />
64-->[androidx.profileinstaller:profileinstaller:1.3.0] AndroidManifest.xml:31:17-49
65        </provider>
66
67        <receiver
67-->[androidx.profileinstaller:profileinstaller:1.3.0] AndroidManifest.xml:34:9-52:20
68            android:name="androidx.profileinstaller.ProfileInstallReceiver"
68-->[androidx.profileinstaller:profileinstaller:1.3.0] AndroidManifest.xml:35:13-76
69            android:directBootAware="false"
69-->[androidx.profileinstaller:profileinstaller:1.3.0] AndroidManifest.xml:36:13-44
70            android:enabled="true"
70-->[androidx.profileinstaller:profileinstaller:1.3.0] AndroidManifest.xml:37:13-35
71            android:exported="true"
71-->[androidx.profileinstaller:profileinstaller:1.3.0] AndroidManifest.xml:38:13-36
72            android:permission="android.permission.DUMP" >
72-->[androidx.profileinstaller:profileinstaller:1.3.0] AndroidManifest.xml:39:13-57
73            <intent-filter>
73-->[androidx.profileinstaller:profileinstaller:1.3.0] AndroidManifest.xml:40:13-42:29
74                <action android:name="androidx.profileinstaller.action.INSTALL_PROFILE" />
74-->[androidx.profileinstaller:profileinstaller:1.3.0] AndroidManifest.xml:41:17-91
74-->[androidx.profileinstaller:profileinstaller:1.3.0] AndroidManifest.xml:41:25-88
75            </intent-filter>
76            <intent-filter>
76-->[androidx.profileinstaller:profileinstaller:1.3.0] AndroidManifest.xml:43:13-45:29
77                <action android:name="androidx.profileinstaller.action.SKIP_FILE" />
77-->[androidx.profileinstaller:profileinstaller:1.3.0] AndroidManifest.xml:44:17-85
77-->[androidx.profileinstaller:profileinstaller:1.3.0] AndroidManifest.xml:44:25-82
78            </intent-filter>
79            <intent-filter>
79-->[androidx.profileinstaller:profileinstaller:1.3.0] AndroidManifest.xml:46:13-48:29
80                <action android:name="androidx.profileinstaller.action.SAVE_PROFILE" />
80-->[androidx.profileinstaller:profileinstaller:1.3.0] AndroidManifest.xml:47:17-88
80-->[androidx.profileinstaller:profileinstaller:1.3.0] AndroidManifest.xml:47:25-85
81            </intent-filter>
82            <intent-filter>
82-->[androidx.profileinstaller:profileinstaller:1.3.0] AndroidManifest.xml:49:13-51:29
83                <action android:name="androidx.profileinstaller.action.BENCHMARK_OPERATION" />
83-->[androidx.profileinstaller:profileinstaller:1.3.0] AndroidManifest.xml:50:17-95
83-->[androidx.profileinstaller:profileinstaller:1.3.0] AndroidManifest.xml:50:25-92
84            </intent-filter>
85        </receiver>
86    </application>
87
88</manifest>